'result': {'data': {'p': {'labels': ['00000',
                                     '01000',
                                     '10000',
                                     '11000'],
                          'qubits': [3, 4],
                          'values': [0.121826171875,
                                     0.02392578125,
                                     0.8265380859375,
                                     0.0277099609375]},
                    'qasm': 'IBMQASM 2.0;\n'
                            '\n'
                            'include "qelib1.inc";\n'
                            'qreg q[5];\n'
                            'creg c[5];\n'
                            '\n'
                            'h q[3];\n'
                            'h q[4];\n'
                            's q[4];\n'
                            'h q[4];\n'
                            'cx q[3],q[4];\n'
                            'h q[4];\n'
                            's q[4];\n'
                            'h q[3];\n'
                            'h q[4];\n'
                            'x q[3];\n'
                            'x q[4];\n'
                            'h q[4];\n'
                            'cx q[3],q[4];\n'
                            'h q[4];\n'
                            'x q[3];\n'
                            'x q[4];\n'
                            'h q[3];\n'
                            'h q[4];\n'
                            'measure q[3] -> c[1];\n'
                            'measure q[4] -> c[2];\n',
                    'serialNumberDevice': 'Real5Qv2',
                    'time': 48.71277594566345},
           'date': '2017-05-16T15:17:54.397Z'},
'shots': 8192,
'startDate': '2017-05-16T14:43:04.185Z',
'status': {'id': 'DONE'},
'time': 48.73382592201233,
'typeCredits': 'plan',
'userDeleted': False,
'userId': '986e02ee099a95b11e380f05651f240c'}]
